<?xml version="1.0" encoding="UTF-8"?>
<!-- Generated by org.testng.reporters.JUnitReportReporter -->
<testsuite skipped="0" hostname="DESKTOP-J1KMLQ4" name="com.practiceinterface.TestCase" tests="2" failures="0" timestamp="2023-04-06T23:52:14 PDT" time="0.011" errors="0">
  <testcase name="testcase1" time="0.009" classname="com.practiceinterface.TestCase"/>
  <system-out/>
  <testcase name="testcase2" time="0.002" classname="com.practiceinterface.TestCase"/>
  <system-out/>
</testsuite> <!-- com.practiceinterface.TestCase -->
